<?xml version="1.0" encoding="UTF-8"?>
<testsuite xmlns:xsi="http://www.w3.org/2001/XMLSchema-instance" xsi:noNamespaceSchemaLocation="https://maven.apache.org/surefire/maven-surefire-plugin/xsd/surefire-test-report.xsd" name="com.mobilityX.AdminServiceTest" time="0.062" tests="9" errors="0" skipped="0" failures="0">
  <properties>
    <property name="awt.toolkit" value="sun.awt.X11.XToolkit"/>
    <property name="java.specification.version" value="11"/>
    <property name="sun.cpu.isalist" value=""/>
    <property name="sun.jnu.encoding" value="UTF-8"/>
    <property name="java.class.path" value="/home/lewiss/PROJECTS/MobilityX/target/test-classes:/home/lewiss/PROJECTS/MobilityX/target/classes:/home/lewiss/.m2/repository/junit/junit/4.13.2/junit-4.13.2.jar:/home/lewiss/.m2/repository/org/hamcrest/hamcrest-core/1.3/hamcrest-core-1.3.jar:"/>
    <property name="java.vm.vendor" value="Debian"/>
    <property name="sun.arch.data.model" value="64"/>
    <property name="java.vendor.url" value="https://tracker.debian.org/openjdk-11"/>
    <property name="user.timezone" value=""/>
    <property name="java.vm.specification.version" value="11"/>
    <property name="os.name" value="Linux"/>
    <property name="sun.java.launcher" value="SUN_STANDARD"/>
    <property name="user.country" value="US"/>
    <property name="sun.boot.library.path" value="/usr/lib/jvm/java-11-openjdk-amd64/lib"/>
    <property name="sun.java.command" value="/home/lewiss/PROJECTS/MobilityX/target/surefire/surefirebooter11065187163168507917.jar /home/lewiss/PROJECTS/MobilityX/target/surefire 2025-03-30T18-38-36_927-jvmRun1 surefire16287750657866480206tmp surefire_05743750292951233166tmp"/>
    <property name="jdk.debug" value="release"/>
    <property name="surefire.test.class.path" value="/home/lewiss/PROJECTS/MobilityX/target/test-classes:/home/lewiss/PROJECTS/MobilityX/target/classes:/home/lewiss/.m2/repository/junit/junit/4.13.2/junit-4.13.2.jar:/home/lewiss/.m2/repository/org/hamcrest/hamcrest-core/1.3/hamcrest-core-1.3.jar:"/>
    <property name="sun.cpu.endian" value="little"/>
    <property name="user.home" value="/home/lewiss"/>
    <property name="user.language" value="en"/>
    <property name="java.specification.vendor" value="Oracle Corporation"/>
    <property name="java.version.date" value="2025-01-21"/>
    <property name="java.home" value="/usr/lib/jvm/java-11-openjdk-amd64"/>
    <property name="file.separator" value="/"/>
    <property name="basedir" value="/home/lewiss/PROJECTS/MobilityX"/>
    <property name="java.vm.compressedOopsMode" value="32-bit"/>
    <property name="line.separator" value="&#10;"/>
    <property name="java.specification.name" value="Java Platform API Specification"/>
    <property name="java.vm.specification.vendor" value="Oracle Corporation"/>
    <property name="java.awt.graphicsenv" value="sun.awt.X11GraphicsEnvironment"/>
    <property name="surefire.real.class.path" value="/home/lewiss/PROJECTS/MobilityX/target/surefire/surefirebooter11065187163168507917.jar"/>
    <property name="sun.management.compiler" value="HotSpot 64-Bit Tiered Compilers"/>
    <property name="java.runtime.version" value="11.0.26+4-post-Debian-1deb11u1"/>
    <property name="user.name" value="lewiss"/>
    <property name="path.separator" value=":"/>
    <property name="os.version" value="5.10.0-34-amd64"/>
    <property name="java.runtime.name" value="OpenJDK Runtime Environment"/>
    <property name="file.encoding" value="UTF-8"/>
    <property name="java.vm.name" value="OpenJDK 64-Bit Server VM"/>
    <property name="localRepository" value="/home/lewiss/.m2/repository"/>
    <property name="java.vendor.url.bug" value="https://bugs.debian.org/openjdk-11"/>
    <property name="java.io.tmpdir" value="/tmp"/>
    <property name="java.version" value="11.0.26"/>
    <property name="user.dir" value="/home/lewiss/PROJECTS/MobilityX"/>
    <property name="os.arch" value="amd64"/>
    <property name="java.vm.specification.name" value="Java Virtual Machine Specification"/>
    <property name="java.awt.printerjob" value="sun.print.PSPrinterJob"/>
    <property name="sun.os.patch.level" value="unknown"/>
    <property name="java.library.path" value="/usr/java/packages/lib:/usr/lib/x86_64-linux-gnu/jni:/lib/x86_64-linux-gnu:/usr/lib/x86_64-linux-gnu:/usr/lib/jni:/lib:/usr/lib"/>
    <property name="java.vm.info" value="mixed mode, sharing"/>
    <property name="java.vendor" value="Debian"/>
    <property name="java.vm.version" value="11.0.26+4-post-Debian-1deb11u1"/>
    <property name="java.specification.maintenance.version" value="3"/>
    <property name="sun.io.unicode.encoding" value="UnicodeLittle"/>
    <property name="java.class.version" value="55.0"/>
  </properties>
  <testcase name="testCrearUsuarioDuplicado" classname="com.mobilityX.AdminServiceTest" time="0.004"/>
  <testcase name="testEliminarUsuario" classname="com.mobilityX.AdminServiceTest" time="0"/>
  <testcase name="testEliminarAdminActual" classname="com.mobilityX.AdminServiceTest" time="0.001"/>
  <testcase name="testCrearTrabajadorTipoInvalido" classname="com.mobilityX.AdminServiceTest" time="0.001"/>
  <testcase name="testEliminarTrabajador" classname="com.mobilityX.AdminServiceTest" time="0.001"/>
  <testcase name="testCrearUsuarioEstandar" classname="com.mobilityX.AdminServiceTest" time="0"/>
  <testcase name="testCrearUsuarioPremium" classname="com.mobilityX.AdminServiceTest" time="0.001"/>
  <testcase name="testCrearTrabajador" classname="com.mobilityX.AdminServiceTest" time="0"/>
  <testcase name="testModificarUsuario" classname="com.mobilityX.AdminServiceTest" time="0"/>
</testsuite>